<?xml version="1.0" encoding="UTF-8"?>
<testng-results ignored="0" total="1" passed="1" failed="0" skipped="0">
  <reporter-output>
  </reporter-output>
  <suite started-at="2024-02-05T15:02:20 AEDT" name="Default suite" finished-at="2024-02-05T15:03:21 AEDT" duration-ms="61156">
    <groups>
    </groups>
    <test started-at="2024-02-05T15:02:20 AEDT" name="Default test" finished-at="2024-02-05T15:03:21 AEDT" duration-ms="61156">
      <class name="automationProject1.TestCase1">
        <test-method is-config="true" signature="launchBrowser()[pri:0, instance:automationProject1.TestCase1@38cee291]" started-at="2024-02-05T15:02:20 AEDT" name="launchBrowser" finished-at="2024-02-05T15:02:23 AEDT" duration-ms="3617" status="PASS">
          <reporter-output>
          </reporter-output>
        </test-method> <!-- launchBrowser -->
        <test-method signature="TestExecution()[pri:0, instance:automationProject1.TestCase1@38cee291]" started-at="2024-02-05T15:02:23 AEDT" name="TestExecution" finished-at="2024-02-05T15:03:21 AEDT" duration-ms="57346" status="PASS">
          <reporter-output>
          </reporter-output>
        </test-method> <!-- TestExecution -->
        <test-method is-config="true" signature="closingbrowser()[pri:0, instance:automationProject1.TestCase1@38cee291]" started-at="2024-02-05T15:03:21 AEDT" name="closingbrowser" finished-at="2024-02-05T15:03:21 AEDT" duration-ms="173" status="PASS">
          <reporter-output>
          </reporter-output>
        </test-method> <!-- closingbrowser -->
      </class> <!-- automationProject1.TestCase1 -->
    </test> <!-- Default test -->
  </suite> <!-- Default suite -->
</testng-results>
