<?xml version="1.0" encoding="UTF-8"?>
<testng-results ignored="0" total="1" passed="1" failed="0" skipped="0">
  <reporter-output>
  </reporter-output>
  <suite started-at="2024-02-05T16:02:51 AEDT" name="Default suite" finished-at="2024-02-05T16:03:07 AEDT" duration-ms="16131">
    <groups>
    </groups>
    <test started-at="2024-02-05T16:02:51 AEDT" name="Default test" finished-at="2024-02-05T16:03:07 AEDT" duration-ms="16131">
      <class name="automationProject1.TestCase33">
        <test-method is-config="true" signature="launchBrowser()[pri:0, instance:automationProject1.TestCase33@38cee291]" started-at="2024-02-05T16:02:51 AEDT" name="launchBrowser" finished-at="2024-02-05T16:03:02 AEDT" duration-ms="10823" status="PASS">
          <reporter-output>
          </reporter-output>
        </test-method> <!-- launchBrowser -->
        <test-method signature="TestExecution()[pri:0, instance:automationProject1.TestCase33@38cee291]" started-at="2024-02-05T16:03:02 AEDT" name="TestExecution" finished-at="2024-02-05T16:03:07 AEDT" duration-ms="5123" status="PASS">
          <reporter-output>
          </reporter-output>
        </test-method> <!-- TestExecution -->
        <test-method is-config="true" signature="closingbrowser()[pri:0, instance:automationProject1.TestCase33@38cee291]" started-at="2024-02-05T16:03:07 AEDT" name="closingbrowser" finished-at="2024-02-05T16:03:07 AEDT" duration-ms="151" status="PASS">
          <reporter-output>
          </reporter-output>
        </test-method> <!-- closingbrowser -->
      </class> <!-- automationProject1.TestCase33 -->
    </test> <!-- Default test -->
  </suite> <!-- Default suite -->
</testng-results>
